<?xml version="1.0" encoding="utf-8"?><testsuites name="pytest tests"><testsuite name="pytest" errors="0" failures="2" skipped="0" tests="15" time="4.442" timestamp="2026-05-12T17:22:17.433546+00:00" hostname="agent-env-1f3d53c0-f314-4042-90af-7c0e9d8dba80"><testcase classname="backend.tests.test_admin_chapters.TestAdminLogin" name="test_login_correct" time="0.241" /><testcase classname="backend.tests.test_admin_chapters.TestAdminLogin" name="test_login_wrong" time="0.182" /><testcase classname="backend.tests.test_admin_chapters.TestChapters" name="test_list_chapters" time="0.182" /><testcase classname="backend.tests.test_admin_chapters.TestChapters" name="test_chapter_2_without_token_forbidden" time="0.177" /><testcase classname="backend.tests.test_admin_chapters.TestAdminTokens" name="test_create_token_unauth" time="0.146" /><testcase classname="backend.tests.test_admin_chapters.TestAdminTokens" name="test_create_token_ch2" time="0.484" /><testcase classname="backend.tests.test_admin_chapters.TestAdminTokens" name="test_create_token_invalid_chapter" time="0.132" /><testcase classname="backend.tests.test_admin_chapters.TestAdminTokens" name="test_chapter_2_with_valid_token" time="0.123" /><testcase classname="backend.tests.test_admin_chapters.TestAdminTokens" name="test_chapter_3_with_ch2_token" time="0.125" /><testcase classname="backend.tests.test_admin_chapters.TestAdminTokens" name="test_create_full_token_unlocks_any" time="0.272" /><testcase classname="backend.tests.test_admin_chapters.TestAdminTokens" name="test_list_tokens_includes_links" time="0.145" /><testcase classname="backend.tests.test_admin_chapters.TestAdminTokens" name="test_revoke_token" time="0.433" /><testcase classname="backend.tests.test_admin_chapters.TestLeadsRegression" name="test_create_lead_ok" time="0.119" /><testcase classname="backend.tests.test_admin_chapters.TestRateLimitsZ" name="test_admin_login_rate_limit" time="0.865"><failure message="AssertionError: expected 429 got 401: {&quot;detail&quot;:&quot;Password salah&quot;}&#10;assert 401 == 429&#10; +  where 401 = &lt;Response [401]&gt;.status_code">backend/tests/test_admin_chapters.py:172: in test_admin_login_rate_limit
    assert last.status_code == 429, f"expected 429 got {last.status_code}: {last.text}"
E   AssertionError: expected 429 got 401: {"detail":"Password salah"}
E   assert 401 == 429
E    +  where 401 = &lt;Response [401]&gt;.status_code</failure></testcase><testcase classname="backend.tests.test_admin_chapters.TestRateLimitsZ" name="test_leads_rate_limit" time="0.694"><failure message="AssertionError: expected 429 got 200&#10;assert 200 == 429&#10; +  where 200 = &lt;Response [200]&gt;.status_code">backend/tests/test_admin_chapters.py:187: in test_leads_rate_limit
    assert last.status_code == 429, f"expected 429 got {last.status_code}"
E   AssertionError: expected 429 got 200
E   assert 200 == 429
E    +  where 200 = &lt;Response [200]&gt;.status_code</failure></testcase></testsuite></testsuites>