<?xml version="1.0" encoding="utf-8"?><testsuites name="pytest tests"><testsuite name="pytest" errors="0" failures="0" skipped="0" tests="9" time="1.196" timestamp="2026-05-12T16:10:40.047456+00:00" hostname="agent-env-1f3d53c0-f314-4042-90af-7c0e9d8dba80"><testcase classname="backend.tests.backend_test.TestHealth" name="test_root" time="0.201" /><testcase classname="backend.tests.backend_test.TestHealth" name="test_stats" time="0.068" /><testcase classname="backend.tests.backend_test.TestLeads" name="test_create_lead" time="0.080" /><testcase classname="backend.tests.backend_test.TestLeads" name="test_list_leads_persistence" time="0.064" /><testcase classname="backend.tests.backend_test.TestLeads" name="test_export_csv" time="0.072" /><testcase classname="backend.tests.backend_test.TestLeads" name="test_delete_lead" time="0.122" /><testcase classname="backend.tests.backend_test.TestLeads" name="test_delete_nonexistent_lead" time="0.062" /><testcase classname="backend.tests.backend_test.TestCta" name="test_track_cta" time="0.080" /><testcase classname="backend.tests.backend_test.TestCta" name="test_stats_reflects_cta_increment" time="0.198" /></testsuite></testsuites>